<<<<<<< HEAD
Jul 09, 2015 10:20:11 PM cluedoClient.Client <init>
INFORMATION: CLIENT started
Jul 09, 2015 10:20:30 PM staticClasses.auxx loginfo
INFORMATION: 190 RECEIVED : <MSG START> {"nick array":["äääjä","qunqu","dmumä"],"type":"login successful","expansions":["Chat","Pumping Oil in the Antarctica, fuck yeah!"],"game array":[]}
 <MSGS END>
Jul 09, 2015 10:20:30 PM staticClasses.auxx loginfo
INFORMATION: 193 last json msg OK
Jul 09, 2015 10:20:30 PM staticClasses.auxx loginfo
INFORMATION: 199 SENT : {"nick":"dmumä","type":"login","expansions":["Chat","Pumping Oil in the Antarctica, fuck yeah!"],"version":"1.2.1","group":"dmumä_GROUP"}

Jul 09, 2015 10:20:30 PM staticClasses.auxx loginfo
INFORMATION: 207 RECEIVED : <MSG START> {"nick":"dmumä","type":"user added"}
 <MSGS END>
Jul 09, 2015 10:20:30 PM staticClasses.auxx loginfo
INFORMATION: 209 last json msg OK
Jul 09, 2015 10:20:30 PM staticClasses.auxx loginfo
INFORMATION: 211 INCOMING unchecked valid type: user added
Jul 09, 2015 10:20:35 PM staticClasses.auxx loginfo
INFORMATION: 157 color from prompt purple
Jul 09, 2015 10:20:35 PM staticClasses.auxx loginfo
INFORMATION: 163 SENT : {"color":"purple","type":"create game"}

Jul 09, 2015 10:20:35 PM staticClasses.auxx loginfo
INFORMATION: 193 RECEIVED : <MSG START> {"gameID":0,"type":"game created","player":{"nick":"dmumä","color":"purple","playerstate":["do nothing"]}}
 <MSGS END>
Jul 09, 2015 10:20:35 PM staticClasses.auxx loginfo
INFORMATION: 195 last json msg OK
Jul 09, 2015 10:20:37 PM staticClasses.auxx loginfo
INFORMATION: 292 RECEIVED : <MSG START> {"gameID":0,"type":"player added","player":{"nick":"qunqu","color":"green","playerstate":["do nothing"]}}
 <MSGS END>
Jul 09, 2015 10:20:37 PM staticClasses.auxx loginfo
INFORMATION: 293 last json msg OK
Jul 09, 2015 10:20:37 PM staticClasses.auxx loginfo
INFORMATION: 302 connected to game 0 : number Nicks connected : 2
Jul 09, 2015 10:20:39 PM staticClasses.auxx loginfo
INFORMATION: 418 RECEIVED : <MSG START> {"gameID":0,"type":"player added","player":{"nick":"äääjä","color":"blue","playerstate":["do nothing"]}}
 <MSGS END>
Jul 09, 2015 10:20:39 PM staticClasses.auxx loginfo
INFORMATION: 419 last json msg OK
Jul 09, 2015 10:20:39 PM staticClasses.auxx loginfo
INFORMATION: 421 connected to game 0 : number Nicks connected : 3
Jul 09, 2015 10:20:40 PM staticClasses.auxx loginfo
INFORMATION: 488 RECEIVED : <MSG START> {"gameID":0,"cards":["hall","rope","study","lounge","ballroom","Reverend Green"],"type":"player_cards"}
 <MSGS END>
Jul 09, 2015 10:20:40 PM staticClasses.auxx loginfo
INFORMATION: 497 last json msg OK
Jul 09, 2015 10:20:40 PM staticClasses.auxx loginfo
INFORMATION: 504 RECEIVED : <MSG START> {"gameID":0,"type":"stateupdate","player":{"nick":"qunqu","color":"green","playerstate":["do nothing"]}}
 <MSGS END>
Jul 09, 2015 10:20:40 PM staticClasses.auxx loginfo
INFORMATION: 509 last json msg OK
Jul 09, 2015 10:20:40 PM staticClasses.auxx loginfo
INFORMATION: 523 RECEIVED : <MSG START> {"gameID":0,"gamestate":"started","type":"game started","order":["qunqu","äääjä","dmumä"]}
 <MSGS END>
Jul 09, 2015 10:20:40 PM staticClasses.auxx loginfo
INFORMATION: 525 last json msg OK
Jul 09, 2015 10:20:40 PM staticClasses.auxx loginfo
INFORMATION: 527 game 0 started
Jul 09, 2015 10:20:44 PM staticClasses.auxx logsevere
SCHWERWIEGEND: 635 null? : 249
Jul 09, 2015 10:20:44 PM staticClasses.auxx logsevere
SCHWERWIEGEND: 685 hamana
Jul 09, 2015 10:20:44 PM staticClasses.auxx loginfo
INFORMATION: 701 Communicator started
Jul 09, 2015 10:20:44 PM staticClasses.auxx logsevere
SCHWERWIEGEND: 724 Oh my giddy giddy gosh
Jul 09, 2015 10:20:45 PM staticClasses.auxx logsevere
SCHWERWIEGEND: 704 hamana
Jul 09, 2015 10:20:46 PM staticClasses.auxx logsevere
SCHWERWIEGEND: 736 hamana
Jul 09, 2015 10:20:57 PM staticClasses.auxx loginfo
INFORMATION: 398 SENT : {"gameID":0,"type":"leave game"}

Jul 09, 2015 10:20:57 PM staticClasses.auxx loginfo
INFORMATION: 408 RECEIVED : <MSG START> {"gameID":0,"statement":{"weapon":"rope","person":"yellow","room":"kitchen"},"type":"game ended"}
 <MSGS END>
Jul 09, 2015 10:20:57 PM staticClasses.auxx loginfo
INFORMATION: 410 last json msg OK
=======
Jul 09, 2015 9:30:31 PM cluedoClient.Client <init>
INFORMATION: CLIENT started
Jul 09, 2015 9:31:19 PM staticClasses.auxx loginfo
INFORMATION: 549 SENT : {"nick":"öäfvv","type":"login","expansions":["Chat","Pumping Oil in the Antarctica, fuck yeah!"],"version":"1.2.1","group":"öäfvv_GROUP"}

Jul 09, 2015 9:31:19 PM staticClasses.auxx loginfo
INFORMATION: 553 RECEIVED : <MSG START> {"nick array":["nhhql","rvxhw","öäfvv"],"type":"login successful","expansions":["Chat","Pumping Oil in the Antarctica, fuck yeah!"],"game array":[{"gameID":0,"weapon positions":[{"weapon":"dagger","field":{"x":11,"y":11}},{"weapon":"candlestick","field":{"x":11,"y":11}},{"weapon":"revolver","field":{"x":11,"y":11}},{"weapon":"rope","field":{"x":11,"y":11}},{"weapon":"pipe","field":{"x":11,"y":11}},{"weapon":"spanner","field":{"x":11,"y":11}}],"person positions":[{"field":{"x":0,"y":18},"person":"blue"}],"players":[{"nick":"nhhql","color":"blue","playerstate":["do nothing"]}],"gamestate":"not started","watchers":[]},{"gameID":1,"weapon positions":[{"weapon":"dagger","field":{"x":11,"y":11}},{"weapon":"candlestick","field":{"x":11,"y":11}},{"weapon":"revolver","field":{"x":11,"y":11}},{"weapon":"rope","field":{"x":11,"y":11}},{"weapon":"pipe","field":{"x":11,"y":11}},{"weapon":"spanner","field":{"x":11,"y":11}}],"person positions":[{"field":{"x":0,"y":18},"person":"blue"}],"players":[{"nick":"nhhql","color":"blue","playerstate":["do nothing"]}],"gamestate":"not started","watchers":[]},{"gameID":2,"weapon positions":[{"weapon":"dagger","field":{"x":11,"y":11}},{"weapon":"candlestick","field":{"x":11,"y":11}},{"weapon":"revolver","field":{"x":11,"y":11}},{"weapon":"rope","field":{"x":11,"y":11}},{"weapon":"pipe","field":{"x":11,"y":11}},{"weapon":"spanner","field":{"x":11,"y":11}}],"person positions":[{"field":{"x":23,"y":7},"person":"yellow"},{"field":{"x":0,"y":5},"person":"purple"}],"players":[{"nick":"rvxhw","color":"yellow","playerstate":["do nothing"]},{"nick":"nhhql","color":"purple","playerstate":["do nothing"]}],"gamestate":"not started","watchers":[]},{"gameID":3,"weapon positions":[{"weapon":"dagger","field":{"x":11,"y":11}},{"weapon":"candlestick","field":{"x":11,"y":11}},{"weapon":"revolver","field":{"x":11,"y":11}},{"weapon":"rope","field":{"x":11,"y":11}},{"weapon":"pipe","field":{"x":11,"y":11}},{"weapon":"spanner","field":{"x":11,"y":11}}],"person positions":[{"field":{"x":14,"y":24},"person":"white"},{"field":{"x":0,"y":5},"person":"purple"}],"players":[{"nick":"rvxhw","color":"white","playerstate":["do nothing"]},{"nick":"nhhql","color":"purple","playerstate":["do nothing"]}],"gamestate":"not started","watchers":[]}]}
 <MSGS END>
Jul 09, 2015 9:31:19 PM staticClasses.auxx loginfo
INFORMATION: 558 last json msg OK
Jul 09, 2015 9:31:19 PM staticClasses.auxx loginfo
INFORMATION: 607 RECEIVED : <MSG START> {"nick":"öäfvv","type":"user added"}
 <MSGS END>
Jul 09, 2015 9:31:19 PM staticClasses.auxx loginfo
INFORMATION: 615 last json msg OK
Jul 09, 2015 9:31:19 PM staticClasses.auxx loginfo
INFORMATION: 620 INCOMING unchecked valid type: user added
Jul 09, 2015 9:31:21 PM staticClasses.auxx loginfo
INFORMATION: 634 SENT : {"gameID":2,"color":"green","type":"join game"}

Jul 09, 2015 9:31:21 PM staticClasses.auxx loginfo
INFORMATION: 637 RECEIVED : <MSG START> {"gameID":2,"type":"player added","player":{"nick":"öäfvv","color":"green","playerstate":["do nothing"]}}
 <MSGS END>
Jul 09, 2015 9:31:21 PM staticClasses.auxx loginfo
INFORMATION: 644 last json msg OK
Jul 09, 2015 9:31:21 PM staticClasses.auxx loginfo
INFORMATION: 649 connected to game 2 : number Nicks connected : 3
Jul 09, 2015 9:31:22 PM staticClasses.auxx loginfo
INFORMATION: 976 SENT : {"gameID":2,"type":"start game"}

Jul 09, 2015 9:32:15 PM staticClasses.auxx loginfo
INFORMATION: 611 SENT : {"gameID":2,"type":"start game"}

>>>>>>> 6ea0f6da96fbf324d58a31561580a3e164dda949
